3222692972 1
3223818884 1
3221388388 1
3221571016 1
3221570800 1
3221570868 1
3221570824 1
3221418868 0
3221418884 1
3221418960 1
3221570848 0
3221570868 0
3221570872 1
3221571024 1
3221388396 1
3221388544 1
3221461196 1
3221447944 1
3221447988 1
3221461224 1
3221388568 1
3221388512 0
3221388540 1
1074051860 1
1074051892 1
1073968108 1
1073973900 1
1073973460 0
1073973476 0
1073973504 0
1073973516 0
1073973520 1
1073973576 1
1073968116 1
1073975524 1
1073974512 0
1073974528 0
1073974556 0
1073974564 0
1073974572 1
1073975544 1
1073968144 1
1073968164 1
1073968164 1
1073968164 1
1073968164 1
1073968164 1
1073968164 1
1073968164 1